---------------------------------------------------------------
[2019-09-18T23:25:10+08:00] 127.0.0.1 POST shoping.wufumoney.com:8098/api.html
[ api ] array (
  'method' => 'user.getarealist',
)
---------------------------------------------------------------
[2019-09-18T23:25:10+08:00] 127.0.0.1 POST shoping.wufumoney.com:8098/api.html
[ api ] array (
  'code' => 'mobile_home',
  'method' => 'pages.getpageconfig',
)
[ api ] array (
  'status' => true,
  'msg' => '获取成功',
  'data' => 
  app\common\model\Pages::__set_state(array(
     'exists' => true,
     'replace' => false,
     'force' => false,
     'updateWhere' => 
    array (
      0 => 
      array (
        0 => 'code',
        1 => '=',
        2 => 'mobile_home',
      ),
    ),
     'connection' => 
    array (
    ),
     'query' => NULL,
     'name' => 'Pages',
     'table' => NULL,
     'auto' => 
    array (
    ),
     'insert' => 
    array (
    ),
     'update' => 
    array (
    ),
     'queryInstance' => NULL,
     'error' => NULL,
     'defaultSoftDelete' => NULL,
     'globalScope' => 
    array (
    ),
     'pk' => 'id',
     'field' => 
    array (
    ),
     'json' => 
    array (
    ),
     'jsonAssoc' => false,
     'jsonType' => 
    array (
    ),
     'disuse' => 
    array (
    ),
     'readonly' => 
    array (
    ),
     'type' => 
    array (
    ),
     'data' => 
    array (
      'id' => 1,
      'code' => 'mobile_home',
      'name' => '移动端首页',
      'desc' => '移动端首页相关操作，可视化移动端、小程序端首页布局',
      'layout' => 1,
      'type' => 1,
      'items' => 
      array (
        0 => 
        array (
          'id' => 5,
          'widget_code' => 'search',
          'page_code' => 'mobile_home',
          'position_id' => 0,
          'sort' => 1,
          'params' => 
          array (
            'keywords' => '请输入关键字搜索',
            'style' => 'round',
          ),
        ),
        1 => 
        array (
          'id' => 6,
          'widget_code' => 'imgSlide',
          'page_code' => 'mobile_home',
          'position_id' => 1,
          'sort' => 2,
          'params' => 
          array (
            'duration' => 2500,
            'list' => 
            array (
              0 => 
              array (
                'image' => '/static/images/empty-banner.png',
                'linkType' => '',
                'linkValue' => '',
              ),
              1 => 
              array (
                'image' => '/static/images/empty-banner.png',
                'linkType' => '',
                'linkValue' => '',
              ),
            ),
          ),
        ),
        2 => 
        array (
          'id' => 7,
          'widget_code' => 'notice',
          'page_code' => 'mobile_home',
          'position_id' => 2,
          'sort' => 3,
          'params' => 
          array (
            'type' => 'auto',
            'list' => 
            think\model\Collection::__set_state(array(
               'items' => 
              array (
              ),
            )),
          ),
        ),
        3 => 
        array (
          'id' => 8,
          'widget_code' => 'navBar',
          'page_code' => 'mobile_home',
          'position_id' => 3,
          'sort' => 4,
          'params' => 
          array (
            'limit' => 4,
            'list' => 
            array (
              0 => 
              array (
                'image' => '/static/images/empty.png',
                'text' => '按钮1',
                'linkType' => '',
                'linkValue' => '',
              ),
              1 => 
              array (
                'image' => '/static/images/empty.png',
                'text' => '按钮2',
                'linkType' => '',
                'linkValue' => '',
              ),
              2 => 
              array (
                'image' => '/static/images/empty.png',
                'text' => '按钮3',
                'linkType' => '',
                'linkValue' => '',
              ),
              3 => 
              array (
                'image' => '/static/images/empty.png',
                'text' => '按钮4',
                'linkType' => '',
                'linkValue' => '',
              ),
            ),
          ),
        ),
        4 => 
        array (
          'id' => 9,
          'widget_code' => 'goods',
          'page_code' => 'mobile_home',
          'position_id' => 4,
          'sort' => 5,
          'params' => 
          array (
            'title' => '热门商品',
            'lookMore' => 'true',
            'type' => 'auto',
            'classifyId' => '',
            'brandId' => '',
            'limit' => 10,
            'display' => 'list',
            'column' => 2,
            'list' => 
            array (
            ),
          ),
        ),
        5 => 
        array (
          'id' => 10,
          'widget_code' => 'imgSlide',
          'page_code' => 'mobile_home',
          'position_id' => 5,
          'sort' => 6,
          'params' => 
          array (
            'duration' => 2500,
            'list' => 
            array (
              0 => 
              array (
                'image' => '/static/images/empty-banner.png',
                'linkType' => '',
                'linkValue' => '',
              ),
              1 => 
              array (
                'image' => '/static/images/empty-banner.png',
                'linkType' => '',
                'linkValue' => '',
              ),
            ),
          ),
        ),
        6 => 
        array (
          'id' => 11,
          'widget_code' => 'goods',
          'page_code' => 'mobile_home',
          'position_id' => 6,
          'sort' => 7,
          'params' => 
          array (
            'title' => '推荐商品',
            'lookMore' => 'true',
            'type' => 'auto',
            'classifyId' => '',
            'brandId' => '',
            'limit' => 10,
            'display' => 'list',
            'column' => 2,
            'list' => 
            array (
            ),
          ),
        ),
        7 => 
        array (
          'id' => 12,
          'widget_code' => 'imgSingle',
          'page_code' => 'mobile_home',
          'position_id' => 7,
          'sort' => 8,
          'params' => 
          array (
            'list' => 
            array (
              0 => 
              array (
                'image' => '/static/images/empty-banner.png',
                'linkType' => '',
                'linkValue' => '',
              ),
            ),
          ),
        ),
      ),
    ),
     'set' => 
    array (
    ),
     'origin' => 
    array (
      'id' => 1,
      'code' => 'mobile_home',
      'name' => '移动端首页',
      'desc' => '移动端首页相关操作，可视化移动端、小程序端首页布局',
      'layout' => 1,
      'type' => 1,
    ),
     'withAttr' => 
    array (
    ),
     'parent' => NULL,
     'relation' => 
    array (
    ),
     'together' => NULL,
     'relationWrite' => NULL,
     'observerClass' => NULL,
     'withEvent' => true,
     'autoWriteTimestamp' => false,
     'createTime' => 'create_time',
     'updateTime' => 'update_time',
     'dateFormat' => false,
     'visible' => 
    array (
    ),
     'hidden' => 
    array (
    ),
     'append' => 
    array (
    ),
     'resultSetType' => 'collection',
  )),
)
---------------------------------------------------------------
[2019-09-18T23:25:17+08:00] 127.0.0.1 POST shoping.wufumoney.com:8098/api.html
[ api ] array (
  'method' => 'categories.getallcat',
)
[ api ] array (
  'status' => false,
  'msg' => '获取顶级分类失败',
  'data' => 
  array (
  ),
)
---------------------------------------------------------------
[2019-09-18T23:25:17+08:00] 127.0.0.1 POST shoping.wufumoney.com:8098/api.html
[ api ] array (
  'codes' => 'tpl1_class_banner1',
  'method' => 'advert.getcarousellists',
)
[ api ] array (
  'status' => true,
  'msg' => '获取成功',
  'data' => 
  array (
    'list' => 
    array (
    ),
  ),
)
---------------------------------------------------------------
[2019-09-18T23:25:46+08:00] 127.0.0.1 GET shoping.wufumoney.com:8098/Api/index/index/method/categories.getallcat/backstage/1.html
[ api ] array (
  'method' => 'categories.getallcat',
  'backstage' => '1',
)
[ api ] array (
  'status' => false,
  'msg' => '获取顶级分类失败',
  'data' => 
  array (
  ),
)
---------------------------------------------------------------
[2019-09-18T23:26:16+08:00] 127.0.0.1 POST shoping.wufumoney.com:8098/api.html
[ api ] array (
  'method' => 'user.getarealist',
)
---------------------------------------------------------------
[2019-09-18T23:26:16+08:00] 127.0.0.1 POST shoping.wufumoney.com:8098/api.html
[ api ] array (
  'code' => 'mobile_home',
  'method' => 'pages.getpageconfig',
)
[ api ] array (
  'status' => true,
  'msg' => '获取成功',
  'data' => 
  app\common\model\Pages::__set_state(array(
     'exists' => true,
     'replace' => false,
     'force' => false,
     'updateWhere' => 
    array (
      0 => 
      array (
        0 => 'code',
        1 => '=',
        2 => 'mobile_home',
      ),
    ),
     'connection' => 
    array (
    ),
     'query' => NULL,
     'name' => 'Pages',
     'table' => NULL,
     'auto' => 
    array (
    ),
     'insert' => 
    array (
    ),
     'update' => 
    array (
    ),
     'queryInstance' => NULL,
     'error' => NULL,
     'defaultSoftDelete' => NULL,
     'globalScope' => 
    array (
    ),
     'pk' => 'id',
     'field' => 
    array (
    ),
     'json' => 
    array (
    ),
     'jsonAssoc' => false,
     'jsonType' => 
    array (
    ),
     'disuse' => 
    array (
    ),
     'readonly' => 
    array (
    ),
     'type' => 
    array (
    ),
     'data' => 
    array (
      'id' => 1,
      'code' => 'mobile_home',
      'name' => '移动端首页',
      'desc' => '移动端首页相关操作，可视化移动端、小程序端首页布局',
      'layout' => 1,
      'type' => 1,
      'items' => 
      array (
        0 => 
        array (
          'id' => 5,
          'widget_code' => 'search',
          'page_code' => 'mobile_home',
          'position_id' => 0,
          'sort' => 1,
          'params' => 
          array (
            'keywords' => '请输入关键字搜索',
            'style' => 'round',
          ),
        ),
        1 => 
        array (
          'id' => 6,
          'widget_code' => 'imgSlide',
          'page_code' => 'mobile_home',
          'position_id' => 1,
          'sort' => 2,
          'params' => 
          array (
            'duration' => 2500,
            'list' => 
            array (
              0 => 
              array (
                'image' => '/static/images/empty-banner.png',
                'linkType' => '',
                'linkValue' => '',
              ),
              1 => 
              array (
                'image' => '/static/images/empty-banner.png',
                'linkType' => '',
                'linkValue' => '',
              ),
            ),
          ),
        ),
        2 => 
        array (
          'id' => 7,
          'widget_code' => 'notice',
          'page_code' => 'mobile_home',
          'position_id' => 2,
          'sort' => 3,
          'params' => 
          array (
            'type' => 'auto',
            'list' => 
            think\model\Collection::__set_state(array(
               'items' => 
              array (
              ),
            )),
          ),
        ),
        3 => 
        array (
          'id' => 8,
          'widget_code' => 'navBar',
          'page_code' => 'mobile_home',
          'position_id' => 3,
          'sort' => 4,
          'params' => 
          array (
            'limit' => 4,
            'list' => 
            array (
              0 => 
              array (
                'image' => '/static/images/empty.png',
                'text' => '按钮1',
                'linkType' => '',
                'linkValue' => '',
              ),
              1 => 
              array (
                'image' => '/static/images/empty.png',
                'text' => '按钮2',
                'linkType' => '',
                'linkValue' => '',
              ),
              2 => 
              array (
                'image' => '/static/images/empty.png',
                'text' => '按钮3',
                'linkType' => '',
                'linkValue' => '',
              ),
              3 => 
              array (
                'image' => '/static/images/empty.png',
                'text' => '按钮4',
                'linkType' => '',
                'linkValue' => '',
              ),
            ),
          ),
        ),
        4 => 
        array (
          'id' => 9,
          'widget_code' => 'goods',
          'page_code' => 'mobile_home',
          'position_id' => 4,
          'sort' => 5,
          'params' => 
          array (
            'title' => '热门商品',
            'lookMore' => 'true',
            'type' => 'auto',
            'classifyId' => '',
            'brandId' => '',
            'limit' => 10,
            'display' => 'list',
            'column' => 2,
            'list' => 
            array (
            ),
          ),
        ),
        5 => 
        array (
          'id' => 10,
          'widget_code' => 'imgSlide',
          'page_code' => 'mobile_home',
          'position_id' => 5,
          'sort' => 6,
          'params' => 
          array (
            'duration' => 2500,
            'list' => 
            array (
              0 => 
              array (
                'image' => '/static/images/empty-banner.png',
                'linkType' => '',
                'linkValue' => '',
              ),
              1 => 
              array (
                'image' => '/static/images/empty-banner.png',
                'linkType' => '',
                'linkValue' => '',
              ),
            ),
          ),
        ),
        6 => 
        array (
          'id' => 11,
          'widget_code' => 'goods',
          'page_code' => 'mobile_home',
          'position_id' => 6,
          'sort' => 7,
          'params' => 
          array (
            'title' => '推荐商品',
            'lookMore' => 'true',
            'type' => 'auto',
            'classifyId' => '',
            'brandId' => '',
            'limit' => 10,
            'display' => 'list',
            'column' => 2,
            'list' => 
            array (
            ),
          ),
        ),
        7 => 
        array (
          'id' => 12,
          'widget_code' => 'imgSingle',
          'page_code' => 'mobile_home',
          'position_id' => 7,
          'sort' => 8,
          'params' => 
          array (
            'list' => 
            array (
              0 => 
              array (
                'image' => '/static/images/empty-banner.png',
                'linkType' => '',
                'linkValue' => '',
              ),
            ),
          ),
        ),
      ),
    ),
     'set' => 
    array (
    ),
     'origin' => 
    array (
      'id' => 1,
      'code' => 'mobile_home',
      'name' => '移动端首页',
      'desc' => '移动端首页相关操作，可视化移动端、小程序端首页布局',
      'layout' => 1,
      'type' => 1,
    ),
     'withAttr' => 
    array (
    ),
     'parent' => NULL,
     'relation' => 
    array (
    ),
     'together' => NULL,
     'relationWrite' => NULL,
     'observerClass' => NULL,
     'withEvent' => true,
     'autoWriteTimestamp' => false,
     'createTime' => 'create_time',
     'updateTime' => 'update_time',
     'dateFormat' => false,
     'visible' => 
    array (
    ),
     'hidden' => 
    array (
    ),
     'append' => 
    array (
    ),
     'resultSetType' => 'collection',
  )),
)
---------------------------------------------------------------
[2019-09-18T23:27:26+08:00] 127.0.0.1 POST shoping.wufumoney.com:8098/api.html
[ api ] array (
  'method' => 'user.getarealist',
)
---------------------------------------------------------------
[2019-09-18T23:27:26+08:00] 127.0.0.1 POST shoping.wufumoney.com:8098/api.html
[ api ] array (
  'code' => 'mobile_home',
  'method' => 'pages.getpageconfig',
)
[ api ] array (
  'status' => true,
  'msg' => '获取成功',
  'data' => 
  app\common\model\Pages::__set_state(array(
     'exists' => true,
     'replace' => false,
     'force' => false,
     'updateWhere' => 
    array (
      0 => 
      array (
        0 => 'code',
        1 => '=',
        2 => 'mobile_home',
      ),
    ),
     'connection' => 
    array (
    ),
     'query' => NULL,
     'name' => 'Pages',
     'table' => NULL,
     'auto' => 
    array (
    ),
     'insert' => 
    array (
    ),
     'update' => 
    array (
    ),
     'queryInstance' => NULL,
     'error' => NULL,
     'defaultSoftDelete' => NULL,
     'globalScope' => 
    array (
    ),
     'pk' => 'id',
     'field' => 
    array (
    ),
     'json' => 
    array (
    ),
     'jsonAssoc' => false,
     'jsonType' => 
    array (
    ),
     'disuse' => 
    array (
    ),
     'readonly' => 
    array (
    ),
     'type' => 
    array (
    ),
     'data' => 
    array (
      'id' => 1,
      'code' => 'mobile_home',
      'name' => '移动端首页',
      'desc' => '移动端首页相关操作，可视化移动端、小程序端首页布局',
      'layout' => 1,
      'type' => 1,
      'items' => 
      array (
        0 => 
        array (
          'id' => 13,
          'widget_code' => 'search',
          'page_code' => 'mobile_home',
          'position_id' => 0,
          'sort' => 1,
          'params' => 
          array (
            'keywords' => '请输入关键字搜索',
            'style' => 'round',
          ),
        ),
        1 => 
        array (
          'id' => 14,
          'widget_code' => 'imgSlide',
          'page_code' => 'mobile_home',
          'position_id' => 1,
          'sort' => 2,
          'params' => 
          array (
            'duration' => 2500,
            'list' => 
            array (
              0 => 
              array (
                'image' => '/static/images/empty-banner.png',
                'linkType' => '',
                'linkValue' => '',
              ),
              1 => 
              array (
                'image' => '/static/images/empty-banner.png',
                'linkType' => '',
                'linkValue' => '',
              ),
            ),
          ),
        ),
        2 => 
        array (
          'id' => 15,
          'widget_code' => 'notice',
          'page_code' => 'mobile_home',
          'position_id' => 2,
          'sort' => 3,
          'params' => 
          array (
            'type' => 'auto',
            'list' => 
            think\model\Collection::__set_state(array(
               'items' => 
              array (
              ),
            )),
          ),
        ),
        3 => 
        array (
          'id' => 16,
          'widget_code' => 'navBar',
          'page_code' => 'mobile_home',
          'position_id' => 3,
          'sort' => 4,
          'params' => 
          array (
            'limit' => 4,
            'list' => 
            array (
              0 => 
              array (
                'image' => '/static/images/empty.png',
                'text' => '按钮1',
                'linkType' => '',
                'linkValue' => '',
              ),
              1 => 
              array (
                'image' => '/static/images/empty.png',
                'text' => '按钮2',
                'linkType' => '',
                'linkValue' => '',
              ),
              2 => 
              array (
                'image' => '/static/images/empty.png',
                'text' => '按钮3',
                'linkType' => '',
                'linkValue' => '',
              ),
              3 => 
              array (
                'image' => '/static/images/empty.png',
                'text' => '按钮4',
                'linkType' => '',
                'linkValue' => '',
              ),
            ),
          ),
        ),
        4 => 
        array (
          'id' => 17,
          'widget_code' => 'goods',
          'page_code' => 'mobile_home',
          'position_id' => 4,
          'sort' => 5,
          'params' => 
          array (
            'title' => '热门商品',
            'lookMore' => 'true',
            'type' => 'auto',
            'classifyId' => '',
            'brandId' => '',
            'limit' => 10,
            'display' => 'list',
            'column' => 2,
            'list' => 
            array (
            ),
          ),
        ),
        5 => 
        array (
          'id' => 18,
          'widget_code' => 'imgSlide',
          'page_code' => 'mobile_home',
          'position_id' => 5,
          'sort' => 6,
          'params' => 
          array (
            'duration' => 2500,
            'list' => 
            array (
              0 => 
              array (
                'image' => '/static/images/empty-banner.png',
                'linkType' => '',
                'linkValue' => '',
              ),
              1 => 
              array (
                'image' => '/static/images/empty-banner.png',
                'linkType' => '',
                'linkValue' => '',
              ),
            ),
          ),
        ),
        6 => 
        array (
          'id' => 19,
          'widget_code' => 'goods',
          'page_code' => 'mobile_home',
          'position_id' => 6,
          'sort' => 7,
          'params' => 
          array (
            'title' => '推荐商品',
            'lookMore' => 'true',
            'type' => 'auto',
            'classifyId' => '',
            'brandId' => '',
            'limit' => 10,
            'display' => 'list',
            'column' => 2,
            'list' => 
            array (
            ),
          ),
        ),
        7 => 
        array (
          'id' => 20,
          'widget_code' => 'imgSingle',
          'page_code' => 'mobile_home',
          'position_id' => 7,
          'sort' => 8,
          'params' => 
          array (
            'list' => 
            array (
              0 => 
              array (
                'image' => '/static/images/empty-banner.png',
                'linkType' => '',
                'linkValue' => '',
              ),
            ),
          ),
        ),
        8 => 
        array (
          'id' => 21,
          'widget_code' => 'imgSlide',
          'page_code' => 'mobile_home',
          'position_id' => 8,
          'sort' => 9,
          'params' => 
          array (
            'duration' => 2500,
            'list' => 
            array (
              0 => 
              array (
                'image' => '/static/images/empty-banner.png',
                'linkType' => 1,
                'linkValue' => '',
              ),
              1 => 
              array (
                'image' => '/static/images/empty-banner.png',
                'linkType' => 1,
                'linkValue' => '',
              ),
            ),
          ),
        ),
        9 => 
        array (
          'id' => 22,
          'widget_code' => 'imgSlide',
          'page_code' => 'mobile_home',
          'position_id' => 9,
          'sort' => 10,
          'params' => 
          array (
            'duration' => 2500,
            'list' => 
            array (
              0 => 
              array (
                'image' => '/static/images/empty-banner.png',
                'linkType' => '',
                'linkValue' => '',
              ),
              1 => 
              array (
                'image' => '/static/images/empty-banner.png',
                'linkType' => '',
                'linkValue' => '',
              ),
            ),
          ),
        ),
        10 => 
        array (
          'id' => 23,
          'widget_code' => 'imgSingle',
          'page_code' => 'mobile_home',
          'position_id' => 10,
          'sort' => 11,
          'params' => 
          array (
            'list' => 
            array (
              0 => 
              array (
                'image' => '/static/images/empty-banner.png',
                'linkType' => 1,
                'linkValue' => '',
                'buttonShow' => 'false',
                'buttonText' => '',
                'buttonColor' => '#FFFFFF',
                'textColor' => '#000000',
              ),
            ),
          ),
        ),
        11 => 
        array (
          'id' => 24,
          'widget_code' => 'imgSlide',
          'page_code' => 'mobile_home',
          'position_id' => 11,
          'sort' => 12,
          'params' => 
          array (
            'duration' => 2500,
            'list' => 
            array (
              0 => 
              array (
                'image' => '/static/images/empty-banner.png',
                'linkType' => 1,
                'linkValue' => '',
              ),
              1 => 
              array (
                'image' => '/static/images/empty-banner.png',
                'linkType' => 1,
                'linkValue' => '',
              ),
            ),
          ),
        ),
        12 => 
        array (
          'id' => 25,
          'widget_code' => 'search',
          'page_code' => 'mobile_home',
          'position_id' => 12,
          'sort' => 13,
          'params' => 
          array (
            'keywords' => '请输入关键字搜索',
            'style' => 'square',
          ),
        ),
      ),
    ),
     'set' => 
    array (
    ),
     'origin' => 
    array (
      'id' => 1,
      'code' => 'mobile_home',
      'name' => '移动端首页',
      'desc' => '移动端首页相关操作，可视化移动端、小程序端首页布局',
      'layout' => 1,
      'type' => 1,
    ),
     'withAttr' => 
    array (
    ),
     'parent' => NULL,
     'relation' => 
    array (
    ),
     'together' => NULL,
     'relationWrite' => NULL,
     'observerClass' => NULL,
     'withEvent' => true,
     'autoWriteTimestamp' => false,
     'createTime' => 'create_time',
     'updateTime' => 'update_time',
     'dateFormat' => false,
     'visible' => 
    array (
    ),
     'hidden' => 
    array (
    ),
     'append' => 
    array (
    ),
     'resultSetType' => 'collection',
  )),
)
---------------------------------------------------------------
[2019-09-18T23:27:28+08:00] 127.0.0.1 POST shoping.wufumoney.com:8098/api.html
[ api ] array (
  'method' => 'user.getarealist',
)
---------------------------------------------------------------
[2019-09-18T23:27:28+08:00] 127.0.0.1 POST shoping.wufumoney.com:8098/api.html
[ api ] array (
  'code' => 'mobile_home',
  'method' => 'pages.getpageconfig',
)
[ api ] array (
  'status' => true,
  'msg' => '获取成功',
  'data' => 
  app\common\model\Pages::__set_state(array(
     'exists' => true,
     'replace' => false,
     'force' => false,
     'updateWhere' => 
    array (
      0 => 
      array (
        0 => 'code',
        1 => '=',
        2 => 'mobile_home',
      ),
    ),
     'connection' => 
    array (
    ),
     'query' => NULL,
     'name' => 'Pages',
     'table' => NULL,
     'auto' => 
    array (
    ),
     'insert' => 
    array (
    ),
     'update' => 
    array (
    ),
     'queryInstance' => NULL,
     'error' => NULL,
     'defaultSoftDelete' => NULL,
     'globalScope' => 
    array (
    ),
     'pk' => 'id',
     'field' => 
    array (
    ),
     'json' => 
    array (
    ),
     'jsonAssoc' => false,
     'jsonType' => 
    array (
    ),
     'disuse' => 
    array (
    ),
     'readonly' => 
    array (
    ),
     'type' => 
    array (
    ),
     'data' => 
    array (
      'id' => 1,
      'code' => 'mobile_home',
      'name' => '移动端首页',
      'desc' => '移动端首页相关操作，可视化移动端、小程序端首页布局',
      'layout' => 1,
      'type' => 1,
      'items' => 
      array (
        0 => 
        array (
          'id' => 13,
          'widget_code' => 'search',
          'page_code' => 'mobile_home',
          'position_id' => 0,
          'sort' => 1,
          'params' => 
          array (
            'keywords' => '请输入关键字搜索',
            'style' => 'round',
          ),
        ),
        1 => 
        array (
          'id' => 14,
          'widget_code' => 'imgSlide',
          'page_code' => 'mobile_home',
          'position_id' => 1,
          'sort' => 2,
          'params' => 
          array (
            'duration' => 2500,
            'list' => 
            array (
              0 => 
              array (
                'image' => '/static/images/empty-banner.png',
                'linkType' => '',
                'linkValue' => '',
              ),
              1 => 
              array (
                'image' => '/static/images/empty-banner.png',
                'linkType' => '',
                'linkValue' => '',
              ),
            ),
          ),
        ),
        2 => 
        array (
          'id' => 15,
          'widget_code' => 'notice',
          'page_code' => 'mobile_home',
          'position_id' => 2,
          'sort' => 3,
          'params' => 
          array (
            'type' => 'auto',
            'list' => 
            think\model\Collection::__set_state(array(
               'items' => 
              array (
              ),
            )),
          ),
        ),
        3 => 
        array (
          'id' => 16,
          'widget_code' => 'navBar',
          'page_code' => 'mobile_home',
          'position_id' => 3,
          'sort' => 4,
          'params' => 
          array (
            'limit' => 4,
            'list' => 
            array (
              0 => 
              array (
                'image' => '/static/images/empty.png',
                'text' => '按钮1',
                'linkType' => '',
                'linkValue' => '',
              ),
              1 => 
              array (
                'image' => '/static/images/empty.png',
                'text' => '按钮2',
                'linkType' => '',
                'linkValue' => '',
              ),
              2 => 
              array (
                'image' => '/static/images/empty.png',
                'text' => '按钮3',
                'linkType' => '',
                'linkValue' => '',
              ),
              3 => 
              array (
                'image' => '/static/images/empty.png',
                'text' => '按钮4',
                'linkType' => '',
                'linkValue' => '',
              ),
            ),
          ),
        ),
        4 => 
        array (
          'id' => 17,
          'widget_code' => 'goods',
          'page_code' => 'mobile_home',
          'position_id' => 4,
          'sort' => 5,
          'params' => 
          array (
            'title' => '热门商品',
            'lookMore' => 'true',
            'type' => 'auto',
            'classifyId' => '',
            'brandId' => '',
            'limit' => 10,
            'display' => 'list',
            'column' => 2,
            'list' => 
            array (
            ),
          ),
        ),
        5 => 
        array (
          'id' => 18,
          'widget_code' => 'imgSlide',
          'page_code' => 'mobile_home',
          'position_id' => 5,
          'sort' => 6,
          'params' => 
          array (
            'duration' => 2500,
            'list' => 
            array (
              0 => 
              array (
                'image' => '/static/images/empty-banner.png',
                'linkType' => '',
                'linkValue' => '',
              ),
              1 => 
              array (
                'image' => '/static/images/empty-banner.png',
                'linkType' => '',
                'linkValue' => '',
              ),
            ),
          ),
        ),
        6 => 
        array (
          'id' => 19,
          'widget_code' => 'goods',
          'page_code' => 'mobile_home',
          'position_id' => 6,
          'sort' => 7,
          'params' => 
          array (
            'title' => '推荐商品',
            'lookMore' => 'true',
            'type' => 'auto',
            'classifyId' => '',
            'brandId' => '',
            'limit' => 10,
            'display' => 'list',
            'column' => 2,
            'list' => 
            array (
            ),
          ),
        ),
        7 => 
        array (
          'id' => 20,
          'widget_code' => 'imgSingle',
          'page_code' => 'mobile_home',
          'position_id' => 7,
          'sort' => 8,
          'params' => 
          array (
            'list' => 
            array (
              0 => 
              array (
                'image' => '/static/images/empty-banner.png',
                'linkType' => '',
                'linkValue' => '',
              ),
            ),
          ),
        ),
        8 => 
        array (
          'id' => 21,
          'widget_code' => 'imgSlide',
          'page_code' => 'mobile_home',
          'position_id' => 8,
          'sort' => 9,
          'params' => 
          array (
            'duration' => 2500,
            'list' => 
            array (
              0 => 
              array (
                'image' => '/static/images/empty-banner.png',
                'linkType' => 1,
                'linkValue' => '',
              ),
              1 => 
              array (
                'image' => '/static/images/empty-banner.png',
                'linkType' => 1,
                'linkValue' => '',
              ),
            ),
          ),
        ),
        9 => 
        array (
          'id' => 22,
          'widget_code' => 'imgSlide',
          'page_code' => 'mobile_home',
          'position_id' => 9,
          'sort' => 10,
          'params' => 
          array (
            'duration' => 2500,
            'list' => 
            array (
              0 => 
              array (
                'image' => '/static/images/empty-banner.png',
                'linkType' => '',
                'linkValue' => '',
              ),
              1 => 
              array (
                'image' => '/static/images/empty-banner.png',
                'linkType' => '',
                'linkValue' => '',
              ),
            ),
          ),
        ),
        10 => 
        array (
          'id' => 23,
          'widget_code' => 'imgSingle',
          'page_code' => 'mobile_home',
          'position_id' => 10,
          'sort' => 11,
          'params' => 
          array (
            'list' => 
            array (
              0 => 
              array (
                'image' => '/static/images/empty-banner.png',
                'linkType' => 1,
                'linkValue' => '',
                'buttonShow' => 'false',
                'buttonText' => '',
                'buttonColor' => '#FFFFFF',
                'textColor' => '#000000',
              ),
            ),
          ),
        ),
        11 => 
        array (
          'id' => 24,
          'widget_code' => 'imgSlide',
          'page_code' => 'mobile_home',
          'position_id' => 11,
          'sort' => 12,
          'params' => 
          array (
            'duration' => 2500,
            'list' => 
            array (
              0 => 
              array (
                'image' => '/static/images/empty-banner.png',
                'linkType' => 1,
                'linkValue' => '',
              ),
              1 => 
              array (
                'image' => '/static/images/empty-banner.png',
                'linkType' => 1,
                'linkValue' => '',
              ),
            ),
          ),
        ),
        12 => 
        array (
          'id' => 25,
          'widget_code' => 'search',
          'page_code' => 'mobile_home',
          'position_id' => 12,
          'sort' => 13,
          'params' => 
          array (
            'keywords' => '请输入关键字搜索',
            'style' => 'square',
          ),
        ),
      ),
    ),
     'set' => 
    array (
    ),
     'origin' => 
    array (
      'id' => 1,
      'code' => 'mobile_home',
      'name' => '移动端首页',
      'desc' => '移动端首页相关操作，可视化移动端、小程序端首页布局',
      'layout' => 1,
      'type' => 1,
    ),
     'withAttr' => 
    array (
    ),
     'parent' => NULL,
     'relation' => 
    array (
    ),
     'together' => NULL,
     'relationWrite' => NULL,
     'observerClass' => NULL,
     'withEvent' => true,
     'autoWriteTimestamp' => false,
     'createTime' => 'create_time',
     'updateTime' => 'update_time',
     'dateFormat' => false,
     'visible' => 
    array (
    ),
     'hidden' => 
    array (
    ),
     'append' => 
    array (
    ),
     'resultSetType' => 'collection',
  )),
)
---------------------------------------------------------------
[2019-09-18T23:30:41+08:00] 127.0.0.1 GET shoping.wufumoney.com:8098/Api/index/index/method/categories.getallcat/backstage/1.html
[ api ] array (
  'method' => 'categories.getallcat',
  'backstage' => '1',
)
[ api ] array (
  'status' => false,
  'msg' => '获取顶级分类失败',
  'data' => 
  array (
  ),
)
---------------------------------------------------------------
[2019-09-18T23:30:49+08:00] 127.0.0.1 GET shoping.wufumoney.com:8098/Api/index/index/method/categories.getallcat/backstage/1.html
[ api ] array (
  'method' => 'categories.getallcat',
  'backstage' => '1',
)
[ api ] array (
  'status' => true,
  'msg' => '',
  'data' => 
  array (
    0 => 
    array (
      'id' => 1,
      'name' => '手机',
      'image_id' => '',
      'image_url' => 'https://b2c.jihainet.com/static/images/default.png',
      'sort' => 100,
      'child' => 
      array (
      ),
    ),
  ),
)
---------------------------------------------------------------
[2019-09-18T23:31:27+08:00] 127.0.0.1 POST shoping.wufumoney.com:8098/api.html
[ api ] array (
  'method' => 'user.getarealist',
)
---------------------------------------------------------------
[2019-09-18T23:31:27+08:00] 127.0.0.1 POST shoping.wufumoney.com:8098/api.html
[ api ] array (
  'code' => 'mobile_home',
  'method' => 'pages.getpageconfig',
)
[ api ] array (
  'status' => true,
  'msg' => '获取成功',
  'data' => 
  app\common\model\Pages::__set_state(array(
     'exists' => true,
     'replace' => false,
     'force' => false,
     'updateWhere' => 
    array (
      0 => 
      array (
        0 => 'code',
        1 => '=',
        2 => 'mobile_home',
      ),
    ),
     'connection' => 
    array (
    ),
     'query' => NULL,
     'name' => 'Pages',
     'table' => NULL,
     'auto' => 
    array (
    ),
     'insert' => 
    array (
    ),
     'update' => 
    array (
    ),
     'queryInstance' => NULL,
     'error' => NULL,
     'defaultSoftDelete' => NULL,
     'globalScope' => 
    array (
    ),
     'pk' => 'id',
     'field' => 
    array (
    ),
     'json' => 
    array (
    ),
     'jsonAssoc' => false,
     'jsonType' => 
    array (
    ),
     'disuse' => 
    array (
    ),
     'readonly' => 
    array (
    ),
     'type' => 
    array (
    ),
     'data' => 
    array (
      'id' => 1,
      'code' => 'mobile_home',
      'name' => '移动端首页',
      'desc' => '移动端首页相关操作，可视化移动端、小程序端首页布局',
      'layout' => 1,
      'type' => 1,
      'items' => 
      array (
        0 => 
        array (
          'id' => 13,
          'widget_code' => 'search',
          'page_code' => 'mobile_home',
          'position_id' => 0,
          'sort' => 1,
          'params' => 
          array (
            'keywords' => '请输入关键字搜索',
            'style' => 'round',
          ),
        ),
        1 => 
        array (
          'id' => 14,
          'widget_code' => 'imgSlide',
          'page_code' => 'mobile_home',
          'position_id' => 1,
          'sort' => 2,
          'params' => 
          array (
            'duration' => 2500,
            'list' => 
            array (
              0 => 
              array (
                'image' => '/static/images/empty-banner.png',
                'linkType' => '',
                'linkValue' => '',
              ),
              1 => 
              array (
                'image' => '/static/images/empty-banner.png',
                'linkType' => '',
                'linkValue' => '',
              ),
            ),
          ),
        ),
        2 => 
        array (
          'id' => 15,
          'widget_code' => 'notice',
          'page_code' => 'mobile_home',
          'position_id' => 2,
          'sort' => 3,
          'params' => 
          array (
            'type' => 'auto',
            'list' => 
            think\model\Collection::__set_state(array(
               'items' => 
              array (
              ),
            )),
          ),
        ),
        3 => 
        array (
          'id' => 16,
          'widget_code' => 'navBar',
          'page_code' => 'mobile_home',
          'position_id' => 3,
          'sort' => 4,
          'params' => 
          array (
            'limit' => 4,
            'list' => 
            array (
              0 => 
              array (
                'image' => '/static/images/empty.png',
                'text' => '按钮1',
                'linkType' => '',
                'linkValue' => '',
              ),
              1 => 
              array (
                'image' => '/static/images/empty.png',
                'text' => '按钮2',
                'linkType' => '',
                'linkValue' => '',
              ),
              2 => 
              array (
                'image' => '/static/images/empty.png',
                'text' => '按钮3',
                'linkType' => '',
                'linkValue' => '',
              ),
              3 => 
              array (
                'image' => '/static/images/empty.png',
                'text' => '按钮4',
                'linkType' => '',
                'linkValue' => '',
              ),
            ),
          ),
        ),
        4 => 
        array (
          'id' => 17,
          'widget_code' => 'goods',
          'page_code' => 'mobile_home',
          'position_id' => 4,
          'sort' => 5,
          'params' => 
          array (
            'title' => '热门商品',
            'lookMore' => 'true',
            'type' => 'auto',
            'classifyId' => '',
            'brandId' => '',
            'limit' => 10,
            'display' => 'list',
            'column' => 2,
            'list' => 
            array (
            ),
          ),
        ),
        5 => 
        array (
          'id' => 18,
          'widget_code' => 'imgSlide',
          'page_code' => 'mobile_home',
          'position_id' => 5,
          'sort' => 6,
          'params' => 
          array (
            'duration' => 2500,
            'list' => 
            array (
              0 => 
              array (
                'image' => '/static/images/empty-banner.png',
                'linkType' => '',
                'linkValue' => '',
              ),
              1 => 
              array (
                'image' => '/static/images/empty-banner.png',
                'linkType' => '',
                'linkValue' => '',
              ),
            ),
          ),
        ),
        6 => 
        array (
          'id' => 19,
          'widget_code' => 'goods',
          'page_code' => 'mobile_home',
          'position_id' => 6,
          'sort' => 7,
          'params' => 
          array (
            'title' => '推荐商品',
            'lookMore' => 'true',
            'type' => 'auto',
            'classifyId' => '',
            'brandId' => '',
            'limit' => 10,
            'display' => 'list',
            'column' => 2,
            'list' => 
            array (
            ),
          ),
        ),
        7 => 
        array (
          'id' => 20,
          'widget_code' => 'imgSingle',
          'page_code' => 'mobile_home',
          'position_id' => 7,
          'sort' => 8,
          'params' => 
          array (
            'list' => 
            array (
              0 => 
              array (
                'image' => '/static/images/empty-banner.png',
                'linkType' => '',
                'linkValue' => '',
              ),
            ),
          ),
        ),
        8 => 
        array (
          'id' => 21,
          'widget_code' => 'imgSlide',
          'page_code' => 'mobile_home',
          'position_id' => 8,
          'sort' => 9,
          'params' => 
          array (
            'duration' => 2500,
            'list' => 
            array (
              0 => 
              array (
                'image' => '/static/images/empty-banner.png',
                'linkType' => 1,
                'linkValue' => '',
              ),
              1 => 
              array (
                'image' => '/static/images/empty-banner.png',
                'linkType' => 1,
                'linkValue' => '',
              ),
            ),
          ),
        ),
        9 => 
        array (
          'id' => 22,
          'widget_code' => 'imgSlide',
          'page_code' => 'mobile_home',
          'position_id' => 9,
          'sort' => 10,
          'params' => 
          array (
            'duration' => 2500,
            'list' => 
            array (
              0 => 
              array (
                'image' => '/static/images/empty-banner.png',
                'linkType' => '',
                'linkValue' => '',
              ),
              1 => 
              array (
                'image' => '/static/images/empty-banner.png',
                'linkType' => '',
                'linkValue' => '',
              ),
            ),
          ),
        ),
        10 => 
        array (
          'id' => 23,
          'widget_code' => 'imgSingle',
          'page_code' => 'mobile_home',
          'position_id' => 10,
          'sort' => 11,
          'params' => 
          array (
            'list' => 
            array (
              0 => 
              array (
                'image' => '/static/images/empty-banner.png',
                'linkType' => 1,
                'linkValue' => '',
                'buttonShow' => 'false',
                'buttonText' => '',
                'buttonColor' => '#FFFFFF',
                'textColor' => '#000000',
              ),
            ),
          ),
        ),
        11 => 
        array (
          'id' => 24,
          'widget_code' => 'imgSlide',
          'page_code' => 'mobile_home',
          'position_id' => 11,
          'sort' => 12,
          'params' => 
          array (
            'duration' => 2500,
            'list' => 
            array (
              0 => 
              array (
                'image' => '/static/images/empty-banner.png',
                'linkType' => 1,
                'linkValue' => '',
              ),
              1 => 
              array (
                'image' => '/static/images/empty-banner.png',
                'linkType' => 1,
                'linkValue' => '',
              ),
            ),
          ),
        ),
        12 => 
        array (
          'id' => 25,
          'widget_code' => 'search',
          'page_code' => 'mobile_home',
          'position_id' => 12,
          'sort' => 13,
          'params' => 
          array (
            'keywords' => '请输入关键字搜索',
            'style' => 'square',
          ),
        ),
      ),
    ),
     'set' => 
    array (
    ),
     'origin' => 
    array (
      'id' => 1,
      'code' => 'mobile_home',
      'name' => '移动端首页',
      'desc' => '移动端首页相关操作，可视化移动端、小程序端首页布局',
      'layout' => 1,
      'type' => 1,
    ),
     'withAttr' => 
    array (
    ),
     'parent' => NULL,
     'relation' => 
    array (
    ),
     'together' => NULL,
     'relationWrite' => NULL,
     'observerClass' => NULL,
     'withEvent' => true,
     'autoWriteTimestamp' => false,
     'createTime' => 'create_time',
     'updateTime' => 'update_time',
     'dateFormat' => false,
     'visible' => 
    array (
    ),
     'hidden' => 
    array (
    ),
     'append' => 
    array (
    ),
     'resultSetType' => 'collection',
  )),
)
---------------------------------------------------------------
[2019-09-18T23:31:35+08:00] 127.0.0.1 POST shoping.wufumoney.com:8098/api.html
[ api ] array (
  'method' => 'user.getarealist',
)
---------------------------------------------------------------
[2019-09-18T23:31:35+08:00] 127.0.0.1 POST shoping.wufumoney.com:8098/api.html
[ api ] array (
  'code' => 'mobile_home',
  'method' => 'pages.getpageconfig',
)
[ api ] array (
  'status' => true,
  'msg' => '获取成功',
  'data' => 
  app\common\model\Pages::__set_state(array(
     'exists' => true,
     'replace' => false,
     'force' => false,
     'updateWhere' => 
    array (
      0 => 
      array (
        0 => 'code',
        1 => '=',
        2 => 'mobile_home',
      ),
    ),
     'connection' => 
    array (
    ),
     'query' => NULL,
     'name' => 'Pages',
     'table' => NULL,
     'auto' => 
    array (
    ),
     'insert' => 
    array (
    ),
     'update' => 
    array (
    ),
     'queryInstance' => NULL,
     'error' => NULL,
     'defaultSoftDelete' => NULL,
     'globalScope' => 
    array (
    ),
     'pk' => 'id',
     'field' => 
    array (
    ),
     'json' => 
    array (
    ),
     'jsonAssoc' => false,
     'jsonType' => 
    array (
    ),
     'disuse' => 
    array (
    ),
     'readonly' => 
    array (
    ),
     'type' => 
    array (
    ),
     'data' => 
    array (
      'id' => 1,
      'code' => 'mobile_home',
      'name' => '移动端首页',
      'desc' => '移动端首页相关操作，可视化移动端、小程序端首页布局',
      'layout' => 1,
      'type' => 1,
      'items' => 
      array (
        0 => 
        array (
          'id' => 13,
          'widget_code' => 'search',
          'page_code' => 'mobile_home',
          'position_id' => 0,
          'sort' => 1,
          'params' => 
          array (
            'keywords' => '请输入关键字搜索',
            'style' => 'round',
          ),
        ),
        1 => 
        array (
          'id' => 14,
          'widget_code' => 'imgSlide',
          'page_code' => 'mobile_home',
          'position_id' => 1,
          'sort' => 2,
          'params' => 
          array (
            'duration' => 2500,
            'list' => 
            array (
              0 => 
              array (
                'image' => '/static/images/empty-banner.png',
                'linkType' => '',
                'linkValue' => '',
              ),
              1 => 
              array (
                'image' => '/static/images/empty-banner.png',
                'linkType' => '',
                'linkValue' => '',
              ),
            ),
          ),
        ),
        2 => 
        array (
          'id' => 15,
          'widget_code' => 'notice',
          'page_code' => 'mobile_home',
          'position_id' => 2,
          'sort' => 3,
          'params' => 
          array (
            'type' => 'auto',
            'list' => 
            think\model\Collection::__set_state(array(
               'items' => 
              array (
              ),
            )),
          ),
        ),
        3 => 
        array (
          'id' => 16,
          'widget_code' => 'navBar',
          'page_code' => 'mobile_home',
          'position_id' => 3,
          'sort' => 4,
          'params' => 
          array (
            'limit' => 4,
            'list' => 
            array (
              0 => 
              array (
                'image' => '/static/images/empty.png',
                'text' => '按钮1',
                'linkType' => '',
                'linkValue' => '',
              ),
              1 => 
              array (
                'image' => '/static/images/empty.png',
                'text' => '按钮2',
                'linkType' => '',
                'linkValue' => '',
              ),
              2 => 
              array (
                'image' => '/static/images/empty.png',
                'text' => '按钮3',
                'linkType' => '',
                'linkValue' => '',
              ),
              3 => 
              array (
                'image' => '/static/images/empty.png',
                'text' => '按钮4',
                'linkType' => '',
                'linkValue' => '',
              ),
            ),
          ),
        ),
        4 => 
        array (
          'id' => 17,
          'widget_code' => 'goods',
          'page_code' => 'mobile_home',
          'position_id' => 4,
          'sort' => 5,
          'params' => 
          array (
            'title' => '热门商品',
            'lookMore' => 'true',
            'type' => 'auto',
            'classifyId' => '',
            'brandId' => '',
            'limit' => 10,
            'display' => 'list',
            'column' => 2,
            'list' => 
            array (
            ),
          ),
        ),
        5 => 
        array (
          'id' => 18,
          'widget_code' => 'imgSlide',
          'page_code' => 'mobile_home',
          'position_id' => 5,
          'sort' => 6,
          'params' => 
          array (
            'duration' => 2500,
            'list' => 
            array (
              0 => 
              array (
                'image' => '/static/images/empty-banner.png',
                'linkType' => '',
                'linkValue' => '',
              ),
              1 => 
              array (
                'image' => '/static/images/empty-banner.png',
                'linkType' => '',
                'linkValue' => '',
              ),
            ),
          ),
        ),
        6 => 
        array (
          'id' => 19,
          'widget_code' => 'goods',
          'page_code' => 'mobile_home',
          'position_id' => 6,
          'sort' => 7,
          'params' => 
          array (
            'title' => '推荐商品',
            'lookMore' => 'true',
            'type' => 'auto',
            'classifyId' => '',
            'brandId' => '',
            'limit' => 10,
            'display' => 'list',
            'column' => 2,
            'list' => 
            array (
            ),
          ),
        ),
        7 => 
        array (
          'id' => 20,
          'widget_code' => 'imgSingle',
          'page_code' => 'mobile_home',
          'position_id' => 7,
          'sort' => 8,
          'params' => 
          array (
            'list' => 
            array (
              0 => 
              array (
                'image' => '/static/images/empty-banner.png',
                'linkType' => '',
                'linkValue' => '',
              ),
            ),
          ),
        ),
        8 => 
        array (
          'id' => 21,
          'widget_code' => 'imgSlide',
          'page_code' => 'mobile_home',
          'position_id' => 8,
          'sort' => 9,
          'params' => 
          array (
            'duration' => 2500,
            'list' => 
            array (
              0 => 
              array (
                'image' => '/static/images/empty-banner.png',
                'linkType' => 1,
                'linkValue' => '',
              ),
              1 => 
              array (
                'image' => '/static/images/empty-banner.png',
                'linkType' => 1,
                'linkValue' => '',
              ),
            ),
          ),
        ),
        9 => 
        array (
          'id' => 22,
          'widget_code' => 'imgSlide',
          'page_code' => 'mobile_home',
          'position_id' => 9,
          'sort' => 10,
          'params' => 
          array (
            'duration' => 2500,
            'list' => 
            array (
              0 => 
              array (
                'image' => '/static/images/empty-banner.png',
                'linkType' => '',
                'linkValue' => '',
              ),
              1 => 
              array (
                'image' => '/static/images/empty-banner.png',
                'linkType' => '',
                'linkValue' => '',
              ),
            ),
          ),
        ),
        10 => 
        array (
          'id' => 23,
          'widget_code' => 'imgSingle',
          'page_code' => 'mobile_home',
          'position_id' => 10,
          'sort' => 11,
          'params' => 
          array (
            'list' => 
            array (
              0 => 
              array (
                'image' => '/static/images/empty-banner.png',
                'linkType' => 1,
                'linkValue' => '',
                'buttonShow' => 'false',
                'buttonText' => '',
                'buttonColor' => '#FFFFFF',
                'textColor' => '#000000',
              ),
            ),
          ),
        ),
        11 => 
        array (
          'id' => 24,
          'widget_code' => 'imgSlide',
          'page_code' => 'mobile_home',
          'position_id' => 11,
          'sort' => 12,
          'params' => 
          array (
            'duration' => 2500,
            'list' => 
            array (
              0 => 
              array (
                'image' => '/static/images/empty-banner.png',
                'linkType' => 1,
                'linkValue' => '',
              ),
              1 => 
              array (
                'image' => '/static/images/empty-banner.png',
                'linkType' => 1,
                'linkValue' => '',
              ),
            ),
          ),
        ),
        12 => 
        array (
          'id' => 25,
          'widget_code' => 'search',
          'page_code' => 'mobile_home',
          'position_id' => 12,
          'sort' => 13,
          'params' => 
          array (
            'keywords' => '请输入关键字搜索',
            'style' => 'square',
          ),
        ),
      ),
    ),
     'set' => 
    array (
    ),
     'origin' => 
    array (
      'id' => 1,
      'code' => 'mobile_home',
      'name' => '移动端首页',
      'desc' => '移动端首页相关操作，可视化移动端、小程序端首页布局',
      'layout' => 1,
      'type' => 1,
    ),
     'withAttr' => 
    array (
    ),
     'parent' => NULL,
     'relation' => 
    array (
    ),
     'together' => NULL,
     'relationWrite' => NULL,
     'observerClass' => NULL,
     'withEvent' => true,
     'autoWriteTimestamp' => false,
     'createTime' => 'create_time',
     'updateTime' => 'update_time',
     'dateFormat' => false,
     'visible' => 
    array (
    ),
     'hidden' => 
    array (
    ),
     'append' => 
    array (
    ),
     'resultSetType' => 'collection',
  )),
)
---------------------------------------------------------------
[2019-09-18T23:31:40+08:00] 127.0.0.1 POST shoping.wufumoney.com:8098/api.html
[ api ] array (
  'codes' => 'tpl1_class_banner1',
  'method' => 'advert.getcarousellists',
)
[ api ] array (
  'status' => true,
  'msg' => '获取成功',
  'data' => 
  array (
    'list' => 
    array (
    ),
  ),
)
---------------------------------------------------------------
[2019-09-18T23:31:40+08:00] 127.0.0.1 POST shoping.wufumoney.com:8098/api.html
[ api ] array (
  'method' => 'categories.getallcat',
)
[ api ] array (
  'status' => true,
  'msg' => '',
  'data' => 
  array (
    0 => 
    array (
      'id' => 1,
      'name' => '手机',
      'image_id' => '',
      'image_url' => 'https://b2c.jihainet.com/static/images/default.png',
      'sort' => 100,
      'child' => 
      array (
      ),
    ),
  ),
)
---------------------------------------------------------------
[2019-09-18T23:31:52+08:00] 127.0.0.1 POST shoping.wufumoney.com:8098/api.html
[ api ] array (
  'mobile' => '15021438357',
  'code' => 'login',
  'method' => 'user.sms',
)
[ api ] array (
  'status' => false,
  'msg' => '发送失败',
)
---------------------------------------------------------------
[2019-09-18T23:31:57+08:00] 127.0.0.1 POST shoping.wufumoney.com:8098/api.html
[ api ] array (
  'mobile' => '15021438357',
  'code' => 'login',
  'method' => 'user.sms',
)
[ api ] array (
  'status' => false,
  'msg' => '两次发送时间间隔小于60秒',
)
